
*** Running vivado
    with args -log practicum.vds -m64 -product Vivado -mode batch -messageDb vivado.pb -notrace -source practicum.tcl


ECHO is off.
ECHO is off.

****** Vivado v2023.2 (64-bit)
  **** SW Build 4029153 on Fri Oct 13 20:14:34 MDT 2023
  **** IP Build 4028589 on Sat Oct 14 00:45:43 MDT 2023
  **** SharedData Build 4025554 on Tue Oct 10 17:18:54 MDT 2023
    ** Copyright 1986-2022 Xilinx, Inc. All Rights Reserved.
    ** Copyright 2022-2023 Advanced Micro Devices, Inc. All Rights Reserved.

source practicum.tcl -notrace
create_project: Time (s): cpu = 00:00:05 ; elapsed = 00:00:05 . Memory (MB): peak = 470.371 ; gain = 184.121
Command: read_checkpoint -auto_incremental -incremental C:/Users/quick/Desktop/UTSAfall2024/DSD/projects/practicum/practicum.srcs/utils_1/imports/synth_1/practicum.dcp
INFO: [Vivado 12-5825] Read reference checkpoint from C:/Users/quick/Desktop/UTSAfall2024/DSD/projects/practicum/practicum.srcs/utils_1/imports/synth_1/practicum.dcp for incremental synthesis
INFO: [Vivado 12-7989] Please ensure there are no constraint changes
Command: synth_design -top practicum -part xc7a100tcsg324-1
Starting synth_design
Attempting to get a license for feature 'Synthesis' and/or device 'xc7a100t'
INFO: [Common 17-349] Got license for feature 'Synthesis' and/or device 'xc7a100t'
INFO: [Device 21-403] Loading part xc7a100tcsg324-1
INFO: [Designutils 20-5440] No compile time benefit to using incremental synthesis; A full resynthesis will be run
INFO: [Designutils 20-4379] Flow is switching to default flow due to incremental criteria not met. If you would like to alter this behaviour and have the flow terminate instead, please set the following parameter config_implementation {autoIncr.Synth.RejectBehavior Terminate}
INFO: [Synth 8-7079] Multithreading enabled for synth_design using a maximum of 2 processes.
INFO: [Synth 8-7078] Launching helper process for spawning children vivado processes
INFO: [Synth 8-7075] Helper process launched with PID 22368
---------------------------------------------------------------------------------
Starting RTL Elaboration : Time (s): cpu = 00:00:04 ; elapsed = 00:00:05 . Memory (MB): peak = 1324.648 ; gain = 440.344
---------------------------------------------------------------------------------
INFO: [Synth 8-6157] synthesizing module 'practicum' [C:/Users/quick/Desktop/UTSAfall2024/DSD/projects/practicum/practicum.srcs/sources_1/imports/sources_1/new/top.sv:2]
INFO: [Synth 8-6157] synthesizing module 'clock_divider_1Hz' [C:/Users/quick/Desktop/UTSAfall2024/DSD/projects/practicum/practicum.srcs/sources_1/imports/sources_1/new/top.sv:112]
INFO: [Synth 8-6155] done synthesizing module 'clock_divider_1Hz' (0#1) [C:/Users/quick/Desktop/UTSAfall2024/DSD/projects/practicum/practicum.srcs/sources_1/imports/sources_1/new/top.sv:112]
INFO: [Synth 8-6155] done synthesizing module 'practicum' (0#1) [C:/Users/quick/Desktop/UTSAfall2024/DSD/projects/practicum/practicum.srcs/sources_1/imports/sources_1/new/top.sv:2]
WARNING: [Synth 8-6014] Unused sequential element current_state_reg[7] was removed.  [C:/Users/quick/Desktop/UTSAfall2024/DSD/projects/practicum/practicum.srcs/sources_1/imports/sources_1/new/top.sv:84]
WARNING: [Synth 8-6014] Unused sequential element current_state_reg[6] was removed.  [C:/Users/quick/Desktop/UTSAfall2024/DSD/projects/practicum/practicum.srcs/sources_1/imports/sources_1/new/top.sv:84]
WARNING: [Synth 8-6014] Unused sequential element current_state_reg[5] was removed.  [C:/Users/quick/Desktop/UTSAfall2024/DSD/projects/practicum/practicum.srcs/sources_1/imports/sources_1/new/top.sv:84]
WARNING: [Synth 8-6014] Unused sequential element current_state_reg[4] was removed.  [C:/Users/quick/Desktop/UTSAfall2024/DSD/projects/practicum/practicum.srcs/sources_1/imports/sources_1/new/top.sv:84]
WARNING: [Synth 8-6014] Unused sequential element current_state_reg[3] was removed.  [C:/Users/quick/Desktop/UTSAfall2024/DSD/projects/practicum/practicum.srcs/sources_1/imports/sources_1/new/top.sv:84]
WARNING: [Synth 8-6014] Unused sequential element current_state_reg[2] was removed.  [C:/Users/quick/Desktop/UTSAfall2024/DSD/projects/practicum/practicum.srcs/sources_1/imports/sources_1/new/top.sv:84]
WARNING: [Synth 8-6014] Unused sequential element current_state_reg[1] was removed.  [C:/Users/quick/Desktop/UTSAfall2024/DSD/projects/practicum/practicum.srcs/sources_1/imports/sources_1/new/top.sv:84]
WARNING: [Synth 8-6014] Unused sequential element current_state_reg[0] was removed.  [C:/Users/quick/Desktop/UTSAfall2024/DSD/projects/practicum/practicum.srcs/sources_1/imports/sources_1/new/top.sv:84]
WARNING: [Synth 8-6014] Unused sequential element display_index_reg was removed.  [C:/Users/quick/Desktop/UTSAfall2024/DSD/projects/practicum/practicum.srcs/sources_1/imports/sources_1/new/top.sv:85]
WARNING: [Synth 8-6014] Unused sequential element show_full_sequence_reg was removed.  [C:/Users/quick/Desktop/UTSAfall2024/DSD/projects/practicum/practicum.srcs/sources_1/imports/sources_1/new/top.sv:86]
WARNING: [Synth 8-6014] Unused sequential element enable_state_change_reg was removed.  [C:/Users/quick/Desktop/UTSAfall2024/DSD/projects/practicum/practicum.srcs/sources_1/imports/sources_1/new/top.sv:87]
WARNING: [Synth 8-6014] Unused sequential element encoded_reg[7] was removed.  [C:/Users/quick/Desktop/UTSAfall2024/DSD/projects/practicum/practicum.srcs/sources_1/imports/sources_1/new/top.sv:88]
WARNING: [Synth 8-6014] Unused sequential element encoded_reg[6] was removed.  [C:/Users/quick/Desktop/UTSAfall2024/DSD/projects/practicum/practicum.srcs/sources_1/imports/sources_1/new/top.sv:88]
WARNING: [Synth 8-6014] Unused sequential element encoded_reg[5] was removed.  [C:/Users/quick/Desktop/UTSAfall2024/DSD/projects/practicum/practicum.srcs/sources_1/imports/sources_1/new/top.sv:88]
WARNING: [Synth 8-6014] Unused sequential element encoded_reg[4] was removed.  [C:/Users/quick/Desktop/UTSAfall2024/DSD/projects/practicum/practicum.srcs/sources_1/imports/sources_1/new/top.sv:88]
WARNING: [Synth 8-6014] Unused sequential element encoded_reg[3] was removed.  [C:/Users/quick/Desktop/UTSAfall2024/DSD/projects/practicum/practicum.srcs/sources_1/imports/sources_1/new/top.sv:88]
WARNING: [Synth 8-6014] Unused sequential element encoded_reg[2] was removed.  [C:/Users/quick/Desktop/UTSAfall2024/DSD/projects/practicum/practicum.srcs/sources_1/imports/sources_1/new/top.sv:88]
WARNING: [Synth 8-6014] Unused sequential element encoded_reg[1] was removed.  [C:/Users/quick/Desktop/UTSAfall2024/DSD/projects/practicum/practicum.srcs/sources_1/imports/sources_1/new/top.sv:88]
WARNING: [Synth 8-6014] Unused sequential element encoded_reg[0] was removed.  [C:/Users/quick/Desktop/UTSAfall2024/DSD/projects/practicum/practicum.srcs/sources_1/imports/sources_1/new/top.sv:88]
WARNING: [Synth 8-3848] Net anode in module/entity practicum does not have driver. [C:/Users/quick/Desktop/UTSAfall2024/DSD/projects/practicum/practicum.srcs/sources_1/imports/sources_1/new/top.sv:14]
WARNING: [Synth 8-3848] Net cathode in module/entity practicum does not have driver. [C:/Users/quick/Desktop/UTSAfall2024/DSD/projects/practicum/practicum.srcs/sources_1/imports/sources_1/new/top.sv:15]
WARNING: [Synth 8-7129] Port anode[7] in module practicum is either unconnected or has no load
WARNING: [Synth 8-7129] Port anode[6] in module practicum is either unconnected or has no load
WARNING: [Synth 8-7129] Port anode[5] in module practicum is either unconnected or has no load
WARNING: [Synth 8-7129] Port anode[4] in module practicum is either unconnected or has no load
WARNING: [Synth 8-7129] Port anode[3] in module practicum is either unconnected or has no load
WARNING: [Synth 8-7129] Port anode[2] in module practicum is either unconnected or has no load
WARNING: [Synth 8-7129] Port anode[1] in module practicum is either unconnected or has no load
WARNING: [Synth 8-7129] Port anode[0] in module practicum is either unconnected or has no load
WARNING: [Synth 8-7129] Port cathode[7] in module practicum is either unconnected or has no load
WARNING: [Synth 8-7129] Port cathode[6] in module practicum is either unconnected or has no load
WARNING: [Synth 8-7129] Port cathode[5] in module practicum is either unconnected or has no load
WARNING: [Synth 8-7129] Port cathode[4] in module practicum is either unconnected or has no load
WARNING: [Synth 8-7129] Port cathode[3] in module practicum is either unconnected or has no load
WARNING: [Synth 8-7129] Port cathode[2] in module practicum is either unconnected or has no load
WARNING: [Synth 8-7129] Port cathode[1] in module practicum is either unconnected or has no load
WARNING: [Synth 8-7129] Port cathode[0] in module practicum is either unconnected or has no load
---------------------------------------------------------------------------------
Finished RTL Elaboration : Time (s): cpu = 00:00:06 ; elapsed = 00:00:06 . Memory (MB): peak = 1431.176 ; gain = 546.871
---------------------------------------------------------------------------------
---------------------------------------------------------------------------------
Start Handling Custom Attributes
---------------------------------------------------------------------------------
---------------------------------------------------------------------------------
Finished Handling Custom Attributes : Time (s): cpu = 00:00:06 ; elapsed = 00:00:06 . Memory (MB): peak = 1431.176 ; gain = 546.871
---------------------------------------------------------------------------------
---------------------------------------------------------------------------------
Finished RTL Optimization Phase 1 : Time (s): cpu = 00:00:06 ; elapsed = 00:00:06 . Memory (MB): peak = 1431.176 ; gain = 546.871
---------------------------------------------------------------------------------
Netlist sorting complete. Time (s): cpu = 00:00:00 ; elapsed = 00:00:00.001 . Memory (MB): peak = 1431.176 ; gain = 0.000
INFO: [Project 1-570] Preparing netlist for logic optimization

Processing XDC Constraints
Initializing timing engine
Parsing XDC File [C:/Users/quick/Desktop/UTSAfall2024/DSD/projects/practicum/practicum.srcs/constrs_1/imports/xdc/Nexys-A7-100T-Master.xdc]
Finished Parsing XDC File [C:/Users/quick/Desktop/UTSAfall2024/DSD/projects/practicum/practicum.srcs/constrs_1/imports/xdc/Nexys-A7-100T-Master.xdc]
INFO: [Project 1-236] Implementation specific constraints were found while reading constraint file [C:/Users/quick/Desktop/UTSAfall2024/DSD/projects/practicum/practicum.srcs/constrs_1/imports/xdc/Nexys-A7-100T-Master.xdc]. These constraints will be ignored for synthesis but will be used in implementation. Impacted constraints are listed in the file [.Xil/practicum_propImpl.xdc].
Resolution: To avoid this warning, move constraints listed in [.Xil/practicum_propImpl.xdc] to another XDC file and exclude this new file from synthesis with the used_in_synthesis property (File Properties dialog in GUI) and re-run elaboration/synthesis.
Completed Processing XDC Constraints

Netlist sorting complete. Time (s): cpu = 00:00:00 ; elapsed = 00:00:00 . Memory (MB): peak = 1493.391 ; gain = 0.000
INFO: [Project 1-111] Unisim Transformation Summary:
No Unisim elements were transformed.

The system cannot find the path specified.
Constraint Validation Runtime : Time (s): cpu = 00:00:00 ; elapsed = 00:00:00.002 . Memory (MB): peak = 1493.391 ; gain = 0.000
INFO: [Designutils 20-5440] No compile time benefit to using incremental synthesis; A full resynthesis will be run
INFO: [Designutils 20-4379] Flow is switching to default flow due to incremental criteria not met. If you would like to alter this behaviour and have the flow terminate instead, please set the following parameter config_implementation {autoIncr.Synth.RejectBehavior Terminate}
---------------------------------------------------------------------------------
Finished Constraint Validation : Time (s): cpu = 00:00:12 ; elapsed = 00:00:13 . Memory (MB): peak = 1493.391 ; gain = 609.086
---------------------------------------------------------------------------------
---------------------------------------------------------------------------------
Start Loading Part and Timing Information
---------------------------------------------------------------------------------
Loading part: xc7a100tcsg324-1
---------------------------------------------------------------------------------
Finished Loading Part and Timing Information : Time (s): cpu = 00:00:12 ; elapsed = 00:00:13 . Memory (MB): peak = 1493.391 ; gain = 609.086
---------------------------------------------------------------------------------
---------------------------------------------------------------------------------
Start Applying 'set_property' XDC Constraints
---------------------------------------------------------------------------------
---------------------------------------------------------------------------------
Finished applying 'set_property' XDC Constraints : Time (s): cpu = 00:00:12 ; elapsed = 00:00:13 . Memory (MB): peak = 1493.391 ; gain = 609.086
---------------------------------------------------------------------------------
---------------------------------------------------------------------------------
Finished RTL Optimization Phase 2 : Time (s): cpu = 00:00:13 ; elapsed = 00:00:13 . Memory (MB): peak = 1493.391 ; gain = 609.086
---------------------------------------------------------------------------------
---------------------------------------------------------------------------------
Start RTL Component Statistics 
---------------------------------------------------------------------------------
Detailed RTL Component Info : 
+---Adders : 
	   2 Input   26 Bit       Adders := 1     
+---Registers : 
	               26 Bit    Registers := 1     
	                2 Bit    Registers := 1     
	                1 Bit    Registers := 2     
+---Muxes : 
	   2 Input   26 Bit        Muxes := 1     
---------------------------------------------------------------------------------
Finished RTL Component Statistics 
---------------------------------------------------------------------------------
---------------------------------------------------------------------------------
Start Part Resource Summary
---------------------------------------------------------------------------------
Part Resources:
DSPs: 240 (col length:80)
BRAMs: 270 (col length: RAMB18 80 RAMB36 40)
---------------------------------------------------------------------------------
Finished Part Resource Summary
---------------------------------------------------------------------------------
---------------------------------------------------------------------------------
Start Cross Boundary and Area Optimization
---------------------------------------------------------------------------------
WARNING: [Synth 8-7080] Parallel synthesis criteria is not met
WARNING: [Synth 8-7129] Port anode[7] in module practicum is either unconnected or has no load
WARNING: [Synth 8-7129] Port anode[6] in module practicum is either unconnected or has no load
WARNING: [Synth 8-7129] Port anode[5] in module practicum is either unconnected or has no load
WARNING: [Synth 8-7129] Port anode[4] in module practicum is either unconnected or has no load
WARNING: [Synth 8-7129] Port anode[3] in module practicum is either unconnected or has no load
WARNING: [Synth 8-7129] Port anode[2] in module practicum is either unconnected or has no load
WARNING: [Synth 8-7129] Port anode[1] in module practicum is either unconnected or has no load
WARNING: [Synth 8-7129] Port anode[0] in module practicum is either unconnected or has no load
WARNING: [Synth 8-7129] Port cathode[7] in module practicum is either unconnected or has no load
WARNING: [Synth 8-7129] Port cathode[6] in module practicum is either unconnected or has no load
WARNING: [Synth 8-7129] Port cathode[5] in module practicum is either unconnected or has no load
WARNING: [Synth 8-7129] Port cathode[4] in module practicum is either unconnected or has no load
WARNING: [Synth 8-7129] Port cathode[3] in module practicum is either unconnected or has no load
WARNING: [Synth 8-7129] Port cathode[2] in module practicum is either unconnected or has no load
WARNING: [Synth 8-7129] Port cathode[1] in module practicum is either unconnected or has no load
WARNING: [Synth 8-7129] Port cathode[0] in module practicum is either unconnected or has no load
---------------------------------------------------------------------------------
Finished Cross Boundary and Area Optimization : Time (s): cpu = 00:00:14 ; elapsed = 00:00:15 . Memory (MB): peak = 1493.391 ; gain = 609.086
---------------------------------------------------------------------------------
---------------------------------------------------------------------------------
Start Applying XDC Timing Constraints
---------------------------------------------------------------------------------
---------------------------------------------------------------------------------
Finished Applying XDC Timing Constraints : Time (s): cpu = 00:00:18 ; elapsed = 00:00:19 . Memory (MB): peak = 1493.391 ; gain = 609.086
---------------------------------------------------------------------------------
---------------------------------------------------------------------------------
Start Timing Optimization
---------------------------------------------------------------------------------
---------------------------------------------------------------------------------
Finished Timing Optimization : Time (s): cpu = 00:00:18 ; elapsed = 00:00:19 . Memory (MB): peak = 1493.391 ; gain = 609.086
---------------------------------------------------------------------------------
---------------------------------------------------------------------------------
Start Technology Mapping
---------------------------------------------------------------------------------
---------------------------------------------------------------------------------
Finished Technology Mapping : Time (s): cpu = 00:00:18 ; elapsed = 00:00:19 . Memory (MB): peak = 1493.391 ; gain = 609.086
---------------------------------------------------------------------------------
---------------------------------------------------------------------------------
Start IO Insertion
---------------------------------------------------------------------------------
---------------------------------------------------------------------------------
Start Flattening Before IO Insertion
---------------------------------------------------------------------------------
---------------------------------------------------------------------------------
Finished Flattening Before IO Insertion
---------------------------------------------------------------------------------
---------------------------------------------------------------------------------
Start Final Netlist Cleanup
---------------------------------------------------------------------------------
---------------------------------------------------------------------------------
Finished Final Netlist Cleanup
---------------------------------------------------------------------------------
---------------------------------------------------------------------------------
Finished IO Insertion : Time (s): cpu = 00:00:22 ; elapsed = 00:00:23 . Memory (MB): peak = 1493.391 ; gain = 609.086
---------------------------------------------------------------------------------
---------------------------------------------------------------------------------
Start Renaming Generated Instances
---------------------------------------------------------------------------------
---------------------------------------------------------------------------------
Finished Renaming Generated Instances : Time (s): cpu = 00:00:22 ; elapsed = 00:00:23 . Memory (MB): peak = 1493.391 ; gain = 609.086
---------------------------------------------------------------------------------
---------------------------------------------------------------------------------
Start Rebuilding User Hierarchy
---------------------------------------------------------------------------------
---------------------------------------------------------------------------------
Finished Rebuilding User Hierarchy : Time (s): cpu = 00:00:22 ; elapsed = 00:00:23 . Memory (MB): peak = 1493.391 ; gain = 609.086
---------------------------------------------------------------------------------
---------------------------------------------------------------------------------
Start Renaming Generated Ports
---------------------------------------------------------------------------------
---------------------------------------------------------------------------------
Finished Renaming Generated Ports : Time (s): cpu = 00:00:22 ; elapsed = 00:00:23 . Memory (MB): peak = 1493.391 ; gain = 609.086
---------------------------------------------------------------------------------
---------------------------------------------------------------------------------
Start Handling Custom Attributes
---------------------------------------------------------------------------------
---------------------------------------------------------------------------------
Finished Handling Custom Attributes : Time (s): cpu = 00:00:22 ; elapsed = 00:00:23 . Memory (MB): peak = 1493.391 ; gain = 609.086
---------------------------------------------------------------------------------
---------------------------------------------------------------------------------
Start Renaming Generated Nets
---------------------------------------------------------------------------------
---------------------------------------------------------------------------------
Finished Renaming Generated Nets : Time (s): cpu = 00:00:22 ; elapsed = 00:00:23 . Memory (MB): peak = 1493.391 ; gain = 609.086
---------------------------------------------------------------------------------
---------------------------------------------------------------------------------
Start Writing Synthesis Report
---------------------------------------------------------------------------------

Report BlackBoxes: 
+-+--------------+----------+
| |BlackBox name |Instances |
+-+--------------+----------+
+-+--------------+----------+

Report Cell Usage: 
+------+-------+------+
|      |Cell   |Count |
+------+-------+------+
|1     |BUFG   |     1|
|2     |CARRY4 |     7|
|3     |LUT1   |     3|
|4     |LUT2   |    26|
|5     |LUT4   |     5|
|6     |LUT6   |     2|
|7     |FDCE   |    27|
|8     |FDRE   |     3|
|9     |IBUF   |     3|
|10    |OBUF   |     2|
|11    |OBUFT  |    16|
+------+-------+------+
---------------------------------------------------------------------------------
Finished Writing Synthesis Report : Time (s): cpu = 00:00:22 ; elapsed = 00:00:23 . Memory (MB): peak = 1493.391 ; gain = 609.086
---------------------------------------------------------------------------------
Synthesis finished with 0 errors, 0 critical warnings and 17 warnings.
Synthesis Optimization Runtime : Time (s): cpu = 00:00:15 ; elapsed = 00:00:21 . Memory (MB): peak = 1493.391 ; gain = 546.871
Synthesis Optimization Complete : Time (s): cpu = 00:00:22 ; elapsed = 00:00:23 . Memory (MB): peak = 1493.391 ; gain = 609.086
INFO: [Project 1-571] Translating synthesized netlist
Netlist sorting complete. Time (s): cpu = 00:00:00 ; elapsed = 00:00:00.001 . Memory (MB): peak = 1493.391 ; gain = 0.000
INFO: [Netlist 29-17] Analyzing 7 Unisim elements for replacement
INFO: [Netlist 29-28] Unisim Transformation completed in 0 CPU seconds
INFO: [Project 1-570] Preparing netlist for logic optimization
INFO: [Opt 31-138] Pushed 0 inverter(s) to 0 load pin(s).
Netlist sorting complete. Time (s): cpu = 00:00:00 ; elapsed = 00:00:00 . Memory (MB): peak = 1493.391 ; gain = 0.000
INFO: [Project 1-111] Unisim Transformation Summary:
No Unisim elements were transformed.

The system cannot find the path specified.
Synth Design complete | Checksum: 52fefd9b
INFO: [Common 17-83] Releasing license: Synthesis
25 Infos, 54 Warnings, 0 Critical Warnings and 0 Errors encountered.
synth_design completed successfully
synth_design: Time (s): cpu = 00:00:26 ; elapsed = 00:00:27 . Memory (MB): peak = 1493.391 ; gain = 1020.012
Write ShapeDB Complete: Time (s): cpu = 00:00:00 ; elapsed = 00:00:00 . Memory (MB): peak = 1493.391 ; gain = 0.000
INFO: [Common 17-1381] The checkpoint 'C:/Users/quick/Desktop/UTSAfall2024/DSD/projects/practicum/practicum.runs/synth_1/practicum.dcp' has been generated.
INFO: [runtcl-4] Executing : report_utilization -file practicum_utilization_synth.rpt -pb practicum_utilization_synth.pb
INFO: [Common 17-206] Exiting Vivado at Wed Oct 30 14:24:27 2024...
