
*** Running vivado
    with args -log final_proj.vds -m64 -product Vivado -mode batch -messageDb vivado.pb -notrace -source final_proj.tcl


ECHO is off.
ECHO is off.

****** Vivado v2023.2 (64-bit)
  **** SW Build 4029153 on Fri Oct 13 20:14:34 MDT 2023
  **** IP Build 4028589 on Sat Oct 14 00:45:43 MDT 2023
  **** SharedData Build 4025554 on Tue Oct 10 17:18:54 MDT 2023
    ** Copyright 1986-2022 Xilinx, Inc. All Rights Reserved.
    ** Copyright 2022-2023 Advanced Micro Devices, Inc. All Rights Reserved.

source final_proj.tcl -notrace
create_project: Time (s): cpu = 00:00:05 ; elapsed = 00:00:06 . Memory (MB): peak = 470.742 ; gain = 184.082
Command: read_checkpoint -auto_incremental -incremental C:/Users/quick/Desktop/UTSAfall2024/DSD/projects/finial_project/finial_project.srcs/utils_1/imports/synth_1/final_proj.dcp
INFO: [Vivado 12-5825] Read reference checkpoint from C:/Users/quick/Desktop/UTSAfall2024/DSD/projects/finial_project/finial_project.srcs/utils_1/imports/synth_1/final_proj.dcp for incremental synthesis
INFO: [Vivado 12-7989] Please ensure there are no constraint changes
Command: synth_design -top final_proj -part xc7a100tcsg324-1
Starting synth_design
Attempting to get a license for feature 'Synthesis' and/or device 'xc7a100t'
INFO: [Common 17-349] Got license for feature 'Synthesis' and/or device 'xc7a100t'
INFO: [Device 21-403] Loading part xc7a100tcsg324-1
INFO: [Designutils 20-5440] No compile time benefit to using incremental synthesis; A full resynthesis will be run
INFO: [Designutils 20-4379] Flow is switching to default flow due to incremental criteria not met. If you would like to alter this behaviour and have the flow terminate instead, please set the following parameter config_implementation {autoIncr.Synth.RejectBehavior Terminate}
INFO: [Synth 8-7079] Multithreading enabled for synth_design using a maximum of 2 processes.
INFO: [Synth 8-7078] Launching helper process for spawning children vivado processes
INFO: [Synth 8-7075] Helper process launched with PID 25736
---------------------------------------------------------------------------------
Starting RTL Elaboration : Time (s): cpu = 00:00:04 ; elapsed = 00:00:05 . Memory (MB): peak = 1325.359 ; gain = 441.297
---------------------------------------------------------------------------------
INFO: [Synth 8-6157] synthesizing module 'final_proj' [C:/Users/quick/Desktop/UTSAfall2024/DSD/projects/finial_project/finial_project.srcs/sources_1/imports/Downloads/final_proj.v:1]
INFO: [Synth 8-6157] synthesizing module 'microsecond_timer' [C:/Users/quick/Desktop/UTSAfall2024/DSD/projects/finial_project/finial_project.srcs/sources_1/imports/Downloads/microsecond_timer.v:2]
INFO: [Synth 8-6155] done synthesizing module 'microsecond_timer' (0#1) [C:/Users/quick/Desktop/UTSAfall2024/DSD/projects/finial_project/finial_project.srcs/sources_1/imports/Downloads/microsecond_timer.v:2]
INFO: [Synth 8-6157] synthesizing module 'millisecond_timer' [C:/Users/quick/Desktop/UTSAfall2024/DSD/projects/finial_project/finial_project.srcs/sources_1/imports/Downloads/millisecond_timer.v:2]
INFO: [Synth 8-6155] done synthesizing module 'millisecond_timer' (0#1) [C:/Users/quick/Desktop/UTSAfall2024/DSD/projects/finial_project/finial_project.srcs/sources_1/imports/Downloads/millisecond_timer.v:2]
INFO: [Synth 8-6157] synthesizing module 'segment_timer' [C:/Users/quick/Desktop/UTSAfall2024/DSD/projects/finial_project/finial_project.srcs/sources_1/imports/Downloads/seg_timer.v:2]
INFO: [Synth 8-6155] done synthesizing module 'segment_timer' (0#1) [C:/Users/quick/Desktop/UTSAfall2024/DSD/projects/finial_project/finial_project.srcs/sources_1/imports/Downloads/seg_timer.v:2]
INFO: [Synth 8-6157] synthesizing module 'USM' [C:/Users/quick/Desktop/UTSAfall2024/DSD/projects/finial_project/finial_project.srcs/sources_1/imports/Downloads/USM.v:1]
WARNING: [Synth 8-6090] variable 'usn_read_started' is written by both blocking and non-blocking assignments, entire logic could be removed [C:/Users/quick/Desktop/UTSAfall2024/DSD/projects/finial_project/finial_project.srcs/sources_1/imports/Downloads/USM.v:56]
INFO: [Synth 8-155] case statement is not full and has no default [C:/Users/quick/Desktop/UTSAfall2024/DSD/projects/finial_project/finial_project.srcs/sources_1/imports/Downloads/USM.v:111]
INFO: [Synth 8-6155] done synthesizing module 'USM' (0#1) [C:/Users/quick/Desktop/UTSAfall2024/DSD/projects/finial_project/finial_project.srcs/sources_1/imports/Downloads/USM.v:1]
INFO: [Synth 8-6157] synthesizing module 'PWM' [C:/Users/quick/Desktop/UTSAfall2024/DSD/projects/finial_project/finial_project.srcs/sources_1/imports/Downloads/PWM.v:1]
INFO: [Synth 8-6155] done synthesizing module 'PWM' (0#1) [C:/Users/quick/Desktop/UTSAfall2024/DSD/projects/finial_project/finial_project.srcs/sources_1/imports/Downloads/PWM.v:1]
INFO: [Synth 8-6157] synthesizing module 'CTRL' [C:/Users/quick/Desktop/UTSAfall2024/DSD/projects/finial_project/finial_project.srcs/sources_1/imports/Downloads/CTRL.v:1]
INFO: [Synth 8-6155] done synthesizing module 'CTRL' (0#1) [C:/Users/quick/Desktop/UTSAfall2024/DSD/projects/finial_project/finial_project.srcs/sources_1/imports/Downloads/CTRL.v:1]
INFO: [Synth 8-6155] done synthesizing module 'final_proj' (0#1) [C:/Users/quick/Desktop/UTSAfall2024/DSD/projects/finial_project/finial_project.srcs/sources_1/imports/Downloads/final_proj.v:1]
WARNING: [Synth 8-6014] Unused sequential element Distance_reg was removed.  [C:/Users/quick/Desktop/UTSAfall2024/DSD/projects/finial_project/finial_project.srcs/sources_1/imports/Downloads/CTRL.v:15]
WARNING: [Synth 8-7129] Port CLK in module CTRL is either unconnected or has no load
WARNING: [Synth 8-7129] Port CLK in module PWM is either unconnected or has no load
---------------------------------------------------------------------------------
Finished RTL Elaboration : Time (s): cpu = 00:00:06 ; elapsed = 00:00:07 . Memory (MB): peak = 1435.758 ; gain = 551.695
---------------------------------------------------------------------------------
---------------------------------------------------------------------------------
Start Handling Custom Attributes
---------------------------------------------------------------------------------
---------------------------------------------------------------------------------
Finished Handling Custom Attributes : Time (s): cpu = 00:00:06 ; elapsed = 00:00:07 . Memory (MB): peak = 1435.758 ; gain = 551.695
---------------------------------------------------------------------------------
---------------------------------------------------------------------------------
Finished RTL Optimization Phase 1 : Time (s): cpu = 00:00:06 ; elapsed = 00:00:07 . Memory (MB): peak = 1435.758 ; gain = 551.695
---------------------------------------------------------------------------------
Netlist sorting complete. Time (s): cpu = 00:00:00 ; elapsed = 00:00:00.007 . Memory (MB): peak = 1435.758 ; gain = 0.000
INFO: [Project 1-570] Preparing netlist for logic optimization

Processing XDC Constraints
Initializing timing engine
Parsing XDC File [C:/Users/quick/Desktop/UTSAfall2024/DSD/projects/finial_project/finial_project.srcs/constrs_1/imports/Downloads/final_proj.xdc]
Finished Parsing XDC File [C:/Users/quick/Desktop/UTSAfall2024/DSD/projects/finial_project/finial_project.srcs/constrs_1/imports/Downloads/final_proj.xdc]
INFO: [Project 1-236] Implementation specific constraints were found while reading constraint file [C:/Users/quick/Desktop/UTSAfall2024/DSD/projects/finial_project/finial_project.srcs/constrs_1/imports/Downloads/final_proj.xdc]. These constraints will be ignored for synthesis but will be used in implementation. Impacted constraints are listed in the file [.Xil/final_proj_propImpl.xdc].
Resolution: To avoid this warning, move constraints listed in [.Xil/final_proj_propImpl.xdc] to another XDC file and exclude this new file from synthesis with the used_in_synthesis property (File Properties dialog in GUI) and re-run elaboration/synthesis.
Completed Processing XDC Constraints

Netlist sorting complete. Time (s): cpu = 00:00:00 ; elapsed = 00:00:00.001 . Memory (MB): peak = 1472.941 ; gain = 0.000
INFO: [Project 1-111] Unisim Transformation Summary:
No Unisim elements were transformed.

The system cannot find the path specified.
Constraint Validation Runtime : Time (s): cpu = 00:00:00 ; elapsed = 00:00:00.004 . Memory (MB): peak = 1472.941 ; gain = 0.000
INFO: [Designutils 20-5440] No compile time benefit to using incremental synthesis; A full resynthesis will be run
INFO: [Designutils 20-4379] Flow is switching to default flow due to incremental criteria not met. If you would like to alter this behaviour and have the flow terminate instead, please set the following parameter config_implementation {autoIncr.Synth.RejectBehavior Terminate}
---------------------------------------------------------------------------------
Finished Constraint Validation : Time (s): cpu = 00:00:13 ; elapsed = 00:00:14 . Memory (MB): peak = 1472.941 ; gain = 588.879
---------------------------------------------------------------------------------
---------------------------------------------------------------------------------
Start Loading Part and Timing Information
---------------------------------------------------------------------------------
Loading part: xc7a100tcsg324-1
---------------------------------------------------------------------------------
Finished Loading Part and Timing Information : Time (s): cpu = 00:00:13 ; elapsed = 00:00:14 . Memory (MB): peak = 1472.941 ; gain = 588.879
---------------------------------------------------------------------------------
---------------------------------------------------------------------------------
Start Applying 'set_property' XDC Constraints
---------------------------------------------------------------------------------
---------------------------------------------------------------------------------
Finished applying 'set_property' XDC Constraints : Time (s): cpu = 00:00:13 ; elapsed = 00:00:14 . Memory (MB): peak = 1472.941 ; gain = 588.879
---------------------------------------------------------------------------------
---------------------------------------------------------------------------------
Finished RTL Optimization Phase 2 : Time (s): cpu = 00:00:13 ; elapsed = 00:00:14 . Memory (MB): peak = 1472.941 ; gain = 588.879
---------------------------------------------------------------------------------
---------------------------------------------------------------------------------
Start RTL Component Statistics 
---------------------------------------------------------------------------------
Detailed RTL Component Info : 
+---Adders : 
	   2 Input   16 Bit       Adders := 1     
	   2 Input   15 Bit       Adders := 1     
	   2 Input    6 Bit       Adders := 1     
	   2 Input    4 Bit       Adders := 1     
	   2 Input    3 Bit       Adders := 1     
+---Registers : 
	               16 Bit    Registers := 1     
	               13 Bit    Registers := 2     
	                8 Bit    Registers := 1     
	                7 Bit    Registers := 1     
	                6 Bit    Registers := 1     
	                4 Bit    Registers := 2     
	                3 Bit    Registers := 1     
	                1 Bit    Registers := 8     
+---Muxes : 
	   3 Input   16 Bit        Muxes := 1     
	   2 Input   15 Bit        Muxes := 1     
	  25 Input   11 Bit        Muxes := 1     
	   2 Input    8 Bit        Muxes := 1     
	   4 Input    8 Bit        Muxes := 1     
	   4 Input    4 Bit        Muxes := 1     
	   3 Input    2 Bit        Muxes := 1     
	   2 Input    1 Bit        Muxes := 8     
	   3 Input    1 Bit        Muxes := 2     
	   4 Input    1 Bit        Muxes := 1     
	  25 Input    1 Bit        Muxes := 1     
---------------------------------------------------------------------------------
Finished RTL Component Statistics 
---------------------------------------------------------------------------------
---------------------------------------------------------------------------------
Start Part Resource Summary
---------------------------------------------------------------------------------
Part Resources:
DSPs: 240 (col length:80)
BRAMs: 270 (col length: RAMB18 80 RAMB36 40)
---------------------------------------------------------------------------------
Finished Part Resource Summary
---------------------------------------------------------------------------------
---------------------------------------------------------------------------------
Start Cross Boundary and Area Optimization
---------------------------------------------------------------------------------
WARNING: [Synth 8-7080] Parallel synthesis criteria is not met
---------------------------------------------------------------------------------
Finished Cross Boundary and Area Optimization : Time (s): cpu = 00:00:16 ; elapsed = 00:00:18 . Memory (MB): peak = 1472.941 ; gain = 588.879
---------------------------------------------------------------------------------
---------------------------------------------------------------------------------
Start Applying XDC Timing Constraints
---------------------------------------------------------------------------------
---------------------------------------------------------------------------------
Finished Applying XDC Timing Constraints : Time (s): cpu = 00:00:19 ; elapsed = 00:00:22 . Memory (MB): peak = 1472.941 ; gain = 588.879
---------------------------------------------------------------------------------
---------------------------------------------------------------------------------
Start Timing Optimization
---------------------------------------------------------------------------------
---------------------------------------------------------------------------------
Finished Timing Optimization : Time (s): cpu = 00:00:19 ; elapsed = 00:00:22 . Memory (MB): peak = 1472.941 ; gain = 588.879
---------------------------------------------------------------------------------
---------------------------------------------------------------------------------
Start Technology Mapping
---------------------------------------------------------------------------------
---------------------------------------------------------------------------------
Finished Technology Mapping : Time (s): cpu = 00:00:20 ; elapsed = 00:00:22 . Memory (MB): peak = 1472.941 ; gain = 588.879
---------------------------------------------------------------------------------
---------------------------------------------------------------------------------
Start IO Insertion
---------------------------------------------------------------------------------
---------------------------------------------------------------------------------
Start Flattening Before IO Insertion
---------------------------------------------------------------------------------
---------------------------------------------------------------------------------
Finished Flattening Before IO Insertion
---------------------------------------------------------------------------------
---------------------------------------------------------------------------------
Start Final Netlist Cleanup
---------------------------------------------------------------------------------
---------------------------------------------------------------------------------
Finished Final Netlist Cleanup
---------------------------------------------------------------------------------
---------------------------------------------------------------------------------
Finished IO Insertion : Time (s): cpu = 00:00:23 ; elapsed = 00:00:26 . Memory (MB): peak = 1472.941 ; gain = 588.879
---------------------------------------------------------------------------------
---------------------------------------------------------------------------------
Start Renaming Generated Instances
---------------------------------------------------------------------------------
---------------------------------------------------------------------------------
Finished Renaming Generated Instances : Time (s): cpu = 00:00:23 ; elapsed = 00:00:26 . Memory (MB): peak = 1472.941 ; gain = 588.879
---------------------------------------------------------------------------------
---------------------------------------------------------------------------------
Start Rebuilding User Hierarchy
---------------------------------------------------------------------------------
---------------------------------------------------------------------------------
Finished Rebuilding User Hierarchy : Time (s): cpu = 00:00:23 ; elapsed = 00:00:26 . Memory (MB): peak = 1472.941 ; gain = 588.879
---------------------------------------------------------------------------------
---------------------------------------------------------------------------------
Start Renaming Generated Ports
---------------------------------------------------------------------------------
---------------------------------------------------------------------------------
Finished Renaming Generated Ports : Time (s): cpu = 00:00:23 ; elapsed = 00:00:26 . Memory (MB): peak = 1472.941 ; gain = 588.879
---------------------------------------------------------------------------------
---------------------------------------------------------------------------------
Start Handling Custom Attributes
---------------------------------------------------------------------------------
---------------------------------------------------------------------------------
Finished Handling Custom Attributes : Time (s): cpu = 00:00:23 ; elapsed = 00:00:26 . Memory (MB): peak = 1472.941 ; gain = 588.879
---------------------------------------------------------------------------------
---------------------------------------------------------------------------------
Start Renaming Generated Nets
---------------------------------------------------------------------------------
---------------------------------------------------------------------------------
Finished Renaming Generated Nets : Time (s): cpu = 00:00:23 ; elapsed = 00:00:26 . Memory (MB): peak = 1472.941 ; gain = 588.879
---------------------------------------------------------------------------------
---------------------------------------------------------------------------------
Start Writing Synthesis Report
---------------------------------------------------------------------------------

Report BlackBoxes: 
+-+--------------+----------+
| |BlackBox name |Instances |
+-+--------------+----------+
+-+--------------+----------+

Report Cell Usage: 
+------+-------+------+
|      |Cell   |Count |
+------+-------+------+
|1     |BUFG   |     2|
|2     |CARRY4 |    31|
|3     |LUT1   |     7|
|4     |LUT2   |    29|
|5     |LUT3   |    37|
|6     |LUT4   |    55|
|7     |LUT5   |    33|
|8     |LUT6   |   104|
|9     |FDRE   |   149|
|10    |FDSE   |     1|
|11    |IBUF   |     2|
|12    |OBUF   |    17|
+------+-------+------+
---------------------------------------------------------------------------------
Finished Writing Synthesis Report : Time (s): cpu = 00:00:23 ; elapsed = 00:00:26 . Memory (MB): peak = 1472.941 ; gain = 588.879
---------------------------------------------------------------------------------
Synthesis finished with 0 errors, 0 critical warnings and 1 warnings.
Synthesis Optimization Runtime : Time (s): cpu = 00:00:15 ; elapsed = 00:00:24 . Memory (MB): peak = 1472.941 ; gain = 551.695
Synthesis Optimization Complete : Time (s): cpu = 00:00:23 ; elapsed = 00:00:26 . Memory (MB): peak = 1472.941 ; gain = 588.879
INFO: [Project 1-571] Translating synthesized netlist
Netlist sorting complete. Time (s): cpu = 00:00:00 ; elapsed = 00:00:00.005 . Memory (MB): peak = 1472.941 ; gain = 0.000
INFO: [Netlist 29-17] Analyzing 31 Unisim elements for replacement
INFO: [Netlist 29-28] Unisim Transformation completed in 0 CPU seconds
INFO: [Project 1-570] Preparing netlist for logic optimization
INFO: [Opt 31-138] Pushed 0 inverter(s) to 0 load pin(s).
Netlist sorting complete. Time (s): cpu = 00:00:00 ; elapsed = 00:00:00 . Memory (MB): peak = 1472.941 ; gain = 0.000
INFO: [Project 1-111] Unisim Transformation Summary:
No Unisim elements were transformed.

The system cannot find the path specified.
Synth Design complete | Checksum: d35a3727
INFO: [Common 17-83] Releasing license: Synthesis
36 Infos, 5 Warnings, 0 Critical Warnings and 0 Errors encountered.
synth_design completed successfully
synth_design: Time (s): cpu = 00:00:26 ; elapsed = 00:00:30 . Memory (MB): peak = 1472.941 ; gain = 998.277
Write ShapeDB Complete: Time (s): cpu = 00:00:00 ; elapsed = 00:00:00.001 . Memory (MB): peak = 1472.941 ; gain = 0.000
INFO: [Common 17-1381] The checkpoint 'C:/Users/quick/Desktop/UTSAfall2024/DSD/projects/finial_project/finial_project.runs/synth_1/final_proj.dcp' has been generated.
INFO: [runtcl-4] Executing : report_utilization -file final_proj_utilization_synth.rpt -pb final_proj_utilization_synth.pb
INFO: [Common 17-206] Exiting Vivado at Mon Nov 25 14:18:15 2024...
